<?xml version="1.0" encoding="UTF-8"?>
<!-- Generated by org.testng.reporters.JUnitReportReporter -->
<testsuite hostname="Shri" failures="0" tests="5" name="com.Basic.TestRunner" time="0.078" errors="0" timestamp="02 Apr 2024 06:05:11 GMT" skipped="0">
  <testcase classname="com.Basic.TestRunner" name="runScenario" time="0.002"/>
  <testcase classname="com.Basic.TestRunner" name="runScenario" time="0.064"/>
  <testcase classname="com.Basic.TestRunner" name="runScenario" time="0.004"/>
  <testcase classname="com.Basic.TestRunner" name="runScenario" time="0.005"/>
  <testcase classname="com.Basic.TestRunner" name="runScenario" time="0.003"/>
</testsuite> <!-- com.Basic.TestRunner -->
