<?xml version="1.0" encoding="UTF-8"?>
<!-- Generated by org.testng.reporters.JUnitReportReporter -->
<testsuite hostname="Shri" failures="0" tests="1" name="Com.test.TestCase" time="6.645" errors="0" timestamp="06 Apr 2024 08:13:38 GMT" skipped="0">
  <testcase classname="Com.test.TestCase" name="verifyMobilenumberInvalidOrNot" time="6.645"/>
</testsuite> <!-- Com.test.TestCase -->
