<?xml version="1.0" encoding="UTF-8"?>
<!-- Generated by org.testng.reporters.JUnitReportReporter -->
<testsuite hostname="Shri" failures="0" tests="1" name="com.stepdefination.Hooks" time="5.067" errors="0" timestamp="01 Apr 2024 10:45:15 GMT" skipped="0">
  <testcase classname="com.stepdefination.Hooks" name="launchBrowserAppUrl" time="5.067"/>
</testsuite> <!-- com.stepdefination.Hooks -->
